<?xml version="1.0" encoding="UTF-8"?>

<!--
 *   
 * This is a utility project for wide range of applications
 * 
 * Copyright (C) 2008  Imran M Yousuf (imyousuf@smartitengineering.com)
 * 
 * This library is free software; you can redistribute it and/or
 * modify it under the terms of the GNU Lesser General Public
 * License as published by the Free Software Foundation; either
 * version 3 of the License, or (at your option) any later version.
 * This library is distributed in the hope that it will be useful,
 * but WITHOUT ANY WARRANTY; without even the implied warranty of
 * MERCHANTABILITY or FITNESS FOR A PARTICULAR PURPOSE.  See the GNU
 * Lesser General Public License for more details.
 * You should have received a copy of the GNU Lesser General Public
 * License along with this library; if not, write to the Free Software
 * Foundation, Inc., 51 Franklin Street, Fifth Floor, Boston, MA  02110-1301  USA
 *
 *
-->
<!DOCTYPE beans PUBLIC "-//SPRING//DTD BEAN//EN" "spring-beans.dtd"  >
<beans>
    <bean id="propertyConfigurer" class="com.smartitengineering.util.bean.spring.PropertiesLocatorConfigurer">
        <property name="smartLocations">
            <list>
                <value>test-config.properties</value>
            </list>
        </property>
    </bean>
    <bean id="testBean" class="com.smartitengineering.util.bean.spring.TestBean">
        <property name="propertyDefault">
            <value>${testbean.default}</value>
        </property>
        <property name="propertyClassPath">
            <value>${testbean.cp}</value>
        </property>
        <property name="propertyCurrentDir">
            <value>${testbean.current_dir}</value>
        </property>
        <property name="propertyUserHome">
            <value>${testbean.user_home}</value>
        </property>
    </bean>
    <bean id="propertyConfigurer2" class="com.smartitengineering.util.bean.spring.PropertiesLocatorConfigurer">
        <property name="smartLocations">
            <list>
                <value>test-config-custom.properties</value>
            </list>
        </property>
        <property name="placeholderPrefix">
            <value>$[</value>
        </property>
        <property name="placeholderSuffix">
            <value>]</value>
        </property>
        <property name="defaultSearchEnabled"><value>false</value></property>
        <property name="classpathSearchEnabled"><value>false</value></property>
        <property name="currentDirSearchEnabled"><value>false</value></property>
        <property name="userHomeSearchEnabled"><value>false</value></property>
        <property name="ignoreResourceNotFound"><value>false</value></property>
        <property name="ignoreUnresolvablePlaceholders"><value>true</value></property>
        <property name="searchLocationsAsCsv"><value>./target/a/,./target/b/,./target/c/,./target/d/</value></property>
    </bean>
    <bean id="testBean2" class="com.smartitengineering.util.bean.spring.TestBean">
        <property name="propertyDefault">
            <value>$[testbean.default]</value>
        </property>
        <property name="propertyClassPath">
            <value>$[testbean.cp]</value>
        </property>
        <property name="propertyCurrentDir">
            <value>$[testbean.current_dir]</value>
        </property>
        <property name="propertyUserHome">
            <value>$[testbean.user_home]</value>
        </property>
    </bean>
    <bean id="propertyConfigurer3" class="com.smartitengineering.util.bean.spring.PropertiesLocatorConfigurer">
        <property name="smartLocations">
            <list>
                <value>custom-path/test-config.properties</value>
            </list>
        </property>
        <property name="placeholderPrefix">
            <value>#[</value>
        </property>
        <property name="placeholderSuffix">
            <value>]</value>
        </property>
        <property name="defaultSearchEnabled"><value>true</value></property>
        <property name="classpathSearchEnabled"><value>true</value></property>
        <property name="currentDirSearchEnabled"><value>false</value></property>
        <property name="userHomeSearchEnabled"><value>false</value></property>
        <property name="ignoreResourceNotFound"><value>true</value></property>
        <property name="ignoreUnresolvablePlaceholders"><value>true</value></property>
        <property name="searchLocationsAsCsv"><value>./target/a/,./target/b/,./target/c/,./target/d/</value></property>
        <property name="resourceContext"><value>custom-context</value></property>
        <property name="defaultResourceSuffix"><value>.default</value></property>
    </bean>
    <bean id="testBean3" class="com.smartitengineering.util.bean.spring.TestBean">
        <property name="propertyDefault">
            <value>#[testbean.default]</value>
        </property>
        <property name="propertyClassPath">
            <value>#[testbean.cp]</value>
        </property>
        <property name="propertyCurrentDir">
            <value>#[testbean.current_dir]</value>
        </property>
        <property name="propertyUserHome">
            <value>#[testbean.user_home]</value>
        </property>
    </bean>
    <bean id="beanRegistrar" class="com.smartitengineering.util.bean.spring.SpringBeanRegistrar">
        <property name="beanFactoryContextName"><value>testContext</value></property>
    </bean>
</beans>
